ft_printf/ft_printf.c: In function ‘main’:
ft_printf/ft_printf.c:53:14: error: unused parameter ‘ac’ [-Werror=unused-parameter]
   53 | int main(int ac, char **av)
      |          ~~~~^~
ft_printf/ft_printf.c:53:25: error: unused parameter ‘av’ [-Werror=unused-parameter]
   53 | int main(int ac, char **av)
      |                  ~~~~~~~^~
cc1: all warnings being treated as errors

<--------------~-~-~-~-~-~-~-~-~------------>
Simple test$
--Format---$
0$
42$
1$
5454$
2147483647$
-2147483648$
-2147483648$
2147483647$
$
0$
2a$
1$
154e$
7fffffff$
80000000$
80000000$
7fffffff$
ffffffff$
$
$
toto$
wiurwuyrhwrywuier$
(null)$
--toto-wiurwuyrhwrywuier-(null)-$
$
--Mixed---$
00422a21474836477fffffff-214748364880000000$
-0-0-42-2a-2147483647-7fffffff--2147483648-80000000-$
$
totowiurwuyrhwrywuier(null)$
--toto-wiurwuyrhwrywuier-(null)-$
written: 376$
\n
<--------------~-~-~-~-~-~-~-~-~------------>\n\n
<--------------~-~-~-~-~-~-~-~-~------------>
\n
<--------------~-~-~-~-~-~-~-~-~------------>
